Determining if the pthread_create exist failed with the following output:
Change Dir: /home/LOCAL.ISIMA.FR/mahenry8/ZZ3/github/Cpp/tp_2.1/build/CMakeFiles/CMakeTmp

Run Build Command:"/usr/bin/gmake" "cmTC_96653/fast"
/usr/bin/gmake -f CMakeFiles/cmTC_96653.dir/build.make CMakeFiles/cmTC_96653.dir/build
gmake[1] : on entre dans le répertoire « /home/LOCAL.ISIMA.FR/mahenry8/ZZ3/github/Cpp/tp_2.1/build/CMakeFiles/CMakeTmp »
Building C object CMakeFiles/cmTC_96653.dir/CheckSymbolExists.c.o
/usr/lib64/ccache/cc    -o CMakeFiles/cmTC_96653.dir/CheckSymbolExists.c.o   -c /home/LOCAL.ISIMA.FR/mahenry8/ZZ3/github/Cpp/tp_2.1/build/CMakeFiles/CMakeTmp/CheckSymbolExists.c
Linking C executable cmTC_96653
/usr/bin/cmake -E cmake_link_script CMakeFiles/cmTC_96653.dir/link.txt --verbose=1
/usr/lib64/ccache/cc      -rdynamic CMakeFiles/cmTC_96653.dir/CheckSymbolExists.c.o  -o cmTC_96653 
CMakeFiles/cmTC_96653.dir/CheckSymbolExists.c.o : Dans la fonction « main » :
CheckSymbolExists.c:(.text+0x16) : référence indéfinie vers « pthread_create »
collect2: erreur : ld a retourné 1 code d'état d'exécution
CMakeFiles/cmTC_96653.dir/build.make:97 : la recette pour la cible « cmTC_96653 » a échouée
gmake[1]: *** [cmTC_96653] Erreur 1
gmake[1] : on quitte le répertoire « /home/LOCAL.ISIMA.FR/mahenry8/ZZ3/github/Cpp/tp_2.1/build/CMakeFiles/CMakeTmp »
Makefile:126 : la recette pour la cible « cmTC_96653/fast » a échouée
gmake: *** [cmTC_96653/fast] Erreur 2

File /home/LOCAL.ISIMA.FR/mahenry8/ZZ3/github/Cpp/tp_2.1/build/CMakeFiles/CMakeTmp/CheckSymbolExists.c:
/* */
#include <pthread.h>

int main(int argc, char** argv)
{
  (void)argv;
#ifndef pthread_create
  return ((int*)(&pthread_create))[argc];
#else
  (void)argc;
  return 0;
#endif
}

Determining if the function pthread_create exists in the pthreads failed with the following output:
Change Dir: /home/LOCAL.ISIMA.FR/mahenry8/ZZ3/github/Cpp/tp_2.1/build/CMakeFiles/CMakeTmp

Run Build Command:"/usr/bin/gmake" "cmTC_2ddd6/fast"
/usr/bin/gmake -f CMakeFiles/cmTC_2ddd6.dir/build.make CMakeFiles/cmTC_2ddd6.dir/build
gmake[1] : on entre dans le répertoire « /home/LOCAL.ISIMA.FR/mahenry8/ZZ3/github/Cpp/tp_2.1/build/CMakeFiles/CMakeTmp »
Building C object CMakeFiles/cmTC_2ddd6.dir/CheckFunctionExists.c.o
/usr/lib64/ccache/cc   -DCHECK_FUNCTION_EXISTS=pthread_create   -o CMakeFiles/cmTC_2ddd6.dir/CheckFunctionExists.c.o   -c /usr/share/cmake/Modules/CheckFunctionExists.c
Linking C executable cmTC_2ddd6
/usr/bin/cmake -E cmake_link_script CMakeFiles/cmTC_2ddd6.dir/link.txt --verbose=1
/usr/lib64/ccache/cc  -DCHECK_FUNCTION_EXISTS=pthread_create    -rdynamic CMakeFiles/cmTC_2ddd6.dir/CheckFunctionExists.c.o  -o cmTC_2ddd6 -lpthreads 
/usr/bin/ld : ne peut trouver -lpthreads
collect2: erreur : ld a retourné 1 code d'état d'exécution
CMakeFiles/cmTC_2ddd6.dir/build.make:97 : la recette pour la cible « cmTC_2ddd6 » a échouée
gmake[1]: *** [cmTC_2ddd6] Erreur 1
gmake[1] : on quitte le répertoire « /home/LOCAL.ISIMA.FR/mahenry8/ZZ3/github/Cpp/tp_2.1/build/CMakeFiles/CMakeTmp »
Makefile:126 : la recette pour la cible « cmTC_2ddd6/fast » a échouée
gmake: *** [cmTC_2ddd6/fast] Erreur 2


